<?xml version="1.0" encoding="UTF-8"?>
<testng-results ignored="0" total="1" passed="1" failed="0" skipped="0">
  <reporter-output>
  </reporter-output>
  <suite started-at="2026-08-15T14:32:52 IST" name="Default suite" finished-at="2026-08-15T14:33:20 IST" duration-ms="28557">
    <groups>
      <group name="cucumber">
        <method signature="AbstractTestNGCucumberTests.runScenario(io.cucumber.testng.PickleWrapper,io.cucumber.testng.FeatureWrapper)[pri:0, instance:runner.TestRunner@43c1b556]" name="runScenario" class="io.cucumber.testng.AbstractTestNGCucumberTests"/>
      </group> <!-- cucumber -->
    </groups>
    <test started-at="2026-08-15T14:32:52 IST" name="Default test" finished-at="2026-08-15T14:33:20 IST" duration-ms="28557">
      <class name="runner.TestRunner">
        <test-method is-config="true" signature="setUpClass(org.testng.ITestContext)[pri:0, instance:runner.TestRunner@43c1b556]" started-at="2026-08-15T14:32:52 IST" name="setUpClass" finished-at="2026-08-15T14:32:53 IST" duration-ms="1315" status="PASS">
          <params>
            <param index="0">
              <value>
                <![CDATA[org.testng.TestRunner@1eca3ea7]]>
              </value>
            </param>
          </params>
          <reporter-output>
          </reporter-output>
        </test-method> <!-- setUpClass -->
        <test-method signature="runScenario(io.cucumber.testng.PickleWrapper,io.cucumber.testng.FeatureWrapper)[pri:0, instance:runner.TestRunner@43c1b556]" started-at="2026-08-15T14:32:53 IST" name="runScenario" description="Runs Cucumber Scenarios" data-provider="scenarios" finished-at="2026-08-15T14:33:14 IST" duration-ms="20606" status="PASS">
          <params>
            <param index="0">
              <value>
                <![CDATA["Verify user navigates to help page when clicks on Help icon"]]>
              </value>
            </param>
            <param index="1">
              <value>
                <![CDATA["Validation of Dashboard"]]>
              </value>
            </param>
          </params>
          <reporter-output>
          </reporter-output>
        </test-method> <!-- runScenario -->
        <test-method is-config="true" signature="tearDownClass()[pri:0, instance:runner.TestRunner@43c1b556]" started-at="2026-08-15T14:33:14 IST" name="tearDownClass" finished-at="2026-08-15T14:33:20 IST" duration-ms="6523" status="PASS">
          <reporter-output>
          </reporter-output>
        </test-method> <!-- tearDownClass -->
      </class> <!-- runner.TestRunner -->
    </test> <!-- Default test -->
  </suite> <!-- Default suite -->
</testng-results>
